

*******************************************************************************
Wed Mar 23 12:46:46 2022


FIT:    data read from 'Quicksort/quicksort.txt'
        format = z
        #datapoints = 25
        residuals are weighted equally (unit weight)

function used for fitting: f(x)
	f(x)=a*x*(log(x)/log(2))+b
fitted parameters initialized with current variable values

iter      chisq       delta/lim  lambda   a             b            
   0 2.2739187829e+13   0.00e+00  6.74e+05    1.000000e+00   1.000000e+00
  10 3.6165332144e-06  -3.73e-08  6.74e-05    7.561949e-09  -1.416549e-05

After 10 iterations the fit converged.
final sum of squares of residuals : 3.61653e-06
rel. change during last iteration : -3.72864e-13

degrees of freedom    (FIT_NDF)                        : 23
rms of residuals      (FIT_STDFIT) = sqrt(WSSR/ndf)    : 0.000396536
variance of residuals (reduced chisquare) = WSSR/ndf   : 1.57241e-07

Final set of parameters            Asymptotic Standard Error
=======================            ==========================
a               = 7.56195e-09      +/- 1.795e-10    (2.374%)
b               = -1.41655e-05     +/- 0.0001712    (1208%)

correlation matrix of the fit parameters:
                a      b      
a               1.000 
b              -0.886  1.000 


*******************************************************************************
Wed Mar 23 12:55:07 2022


FIT:    data read from 'Floyd/floyd.txt'
        format = z
        #datapoints = 25
        residuals are weighted equally (unit weight)

function used for fitting: g(x)
	g(x) = a*x**3+b*x*x+c*x+d
fitted parameters initialized with current variable values

iter      chisq       delta/lim  lambda   a             b             c             d            
   0 8.6338506561e+06   0.00e+00  2.96e+02    7.561949e-09  -1.416549e-05   1.000000e+00   1.000000e+00
   7 5.3017636235e-02  -6.58e-09  2.96e-05    2.144785e-09   3.603978e-06  -1.400058e-03   1.415416e-01

After 7 iterations the fit converged.
final sum of squares of residuals : 0.0530176
rel. change during last iteration : -6.58321e-14

degrees of freedom    (FIT_NDF)                        : 21
rms of residuals      (FIT_STDFIT) = sqrt(WSSR/ndf)    : 0.0502459
variance of residuals (reduced chisquare) = WSSR/ndf   : 0.00252465

Final set of parameters            Asymptotic Standard Error
=======================            ==========================
a               = 2.14478e-09      +/- 7.377e-10    (34.39%)
b               = 3.60398e-06      +/- 1.189e-06    (33%)
c               = -0.00140006      +/- 0.0005671    (40.5%)
d               = 0.141542         +/- 0.07658      (54.1%)

correlation matrix of the fit parameters:
                a      b      c      d      
a               1.000 
b              -0.990  1.000 
c               0.947 -0.982  1.000 
d              -0.830  0.888 -0.952  1.000 


*******************************************************************************
Wed Mar 23 13:09:26 2022


FIT:    data read from 'Heapsort/heapsort.txt'
        format = z
        #datapoints = 25
        residuals are weighted equally (unit weight)

function used for fitting: h(x)
	h(x) = a*x*(log(x)/log(2))+b
fitted parameters initialized with current variable values

iter      chisq       delta/lim  lambda   a             b            
   0 1.2761745892e-03   0.00e+00  1.38e-03    2.144785e-09   3.603978e-06
   6 9.7712672742e-07  -7.92e-08  1.38e-09    9.911217e-09   1.204742e-04

After 6 iterations the fit converged.
final sum of squares of residuals : 9.77127e-07
rel. change during last iteration : -7.92311e-13

degrees of freedom    (FIT_NDF)                        : 23
rms of residuals      (FIT_STDFIT) = sqrt(WSSR/ndf)    : 0.000206116
variance of residuals (reduced chisquare) = WSSR/ndf   : 4.24838e-08

Final set of parameters            Asymptotic Standard Error
=======================            ==========================
a               = 9.91122e-09      +/- 8.592e-11    (0.8669%)
b               = 0.000120474      +/- 7.791e-05    (64.67%)

correlation matrix of the fit parameters:
                a      b      
a               1.000 
b              -0.849  1.000 


*******************************************************************************
Wed Mar 23 13:12:32 2022


FIT:    data read from 'Insercion/insercion.txt'
        format = z
        #datapoints = 25
        residuals are weighted equally (unit weight)

function used for fitting: i(x)
	i(x) = a*x*x+b*x+c
fitted parameters initialized with current variable values

iter      chisq       delta/lim  lambda   a             b             c            
   0 3.0867547632e+01   0.00e+00  4.86e-01    9.911217e-09   1.204742e-04  -1.400058e-03
   6 7.7823640151e-06  -3.80e-04  4.86e-07    8.864504e-10  -3.214851e-07   9.489063e-04

After 6 iterations the fit converged.
final sum of squares of residuals : 7.78236e-06
rel. change during last iteration : -3.80323e-09

degrees of freedom    (FIT_NDF)                        : 22
rms of residuals      (FIT_STDFIT) = sqrt(WSSR/ndf)    : 0.000594764
variance of residuals (reduced chisquare) = WSSR/ndf   : 3.53744e-07

Final set of parameters            Asymptotic Standard Error
=======================            ==========================
a               = 8.8645e-10       +/- 1.978e-11    (2.232%)
b               = -3.21485e-07     +/- 2.154e-07    (67%)
c               = 0.000948906      +/- 0.0005055    (53.27%)

correlation matrix of the fit parameters:
                a      b      c      
a               1.000 
b              -0.977  1.000 
c               0.844 -0.927  1.000 


*******************************************************************************
Wed Mar 23 18:11:53 2022


FIT:    data read from 'Quicksort/quicksort.txt'
        format = z
        #datapoints = 25
        residuals are weighted equally (unit weight)

function used for fitting: f(x)
	f(x)=a*x+b
fitted parameters initialized with current variable values

iter      chisq       delta/lim  lambda   a             b            
   0 1.2806776155e-03   0.00e+00  3.71e-05    8.864504e-10  -3.214851e-07
   5 3.5392333169e-06  -1.01e-02  3.71e-10    1.287274e-07  -4.712550e-04

After 5 iterations the fit converged.
final sum of squares of residuals : 3.53923e-06
rel. change during last iteration : -1.00901e-07

degrees of freedom    (FIT_NDF)                        : 23
rms of residuals      (FIT_STDFIT) = sqrt(WSSR/ndf)    : 0.000392275
variance of residuals (reduced chisquare) = WSSR/ndf   : 1.5388e-07

Final set of parameters            Asymptotic Standard Error
=======================            ==========================
a               = 1.28727e-07      +/- 3.022e-09    (2.348%)
b               = -0.000471255     +/- 0.0001789    (37.96%)

correlation matrix of the fit parameters:
                a      b      
a               1.000 
b              -0.899  1.000 


*******************************************************************************
Wed Mar 23 18:16:02 2022


FIT:    data read from 'Quicksort/quicksort.txt'
        format = z
        #datapoints = 25
        residuals are weighted equally (unit weight)

function used for fitting: f(x)
	f(x)=a*x*x+b*x+c
fitted parameters initialized with current variable values

iter      chisq       delta/lim  lambda   a             b             c            
   0 7.6336191787e+06   0.00e+00  3.35e+02    1.287274e-07  -4.712550e-04   9.489063e-04
   9 3.5289687681e-06  -3.18e-04  3.35e-07    3.369714e-14   1.251420e-07  -3.985932e-04

After 9 iterations the fit converged.
final sum of squares of residuals : 3.52897e-06
rel. change during last iteration : -3.17784e-09

degrees of freedom    (FIT_NDF)                        : 22
rms of residuals      (FIT_STDFIT) = sqrt(WSSR/ndf)    : 0.000400509
variance of residuals (reduced chisquare) = WSSR/ndf   : 1.60408e-07

Final set of parameters            Asymptotic Standard Error
=======================            ==========================
a               = 3.36971e-14      +/- 1.332e-13    (395.3%)
b               = 1.25142e-07      +/- 1.451e-08    (11.59%)
c               = -0.000398593     +/- 0.0003404    (85.4%)

correlation matrix of the fit parameters:
                a      b      c      
a               1.000 
b              -0.977  1.000 
c               0.844 -0.927  1.000 


*******************************************************************************
Tue Mar 29 11:13:54 2022


FIT:    data read from 'quicksort.txt'
        format = z
        #datapoints = 25
        residuals are weighted equally (unit weight)

function used for fitting: f(x)
	f(x) = a*x*(log(x)/log(2))+b*x+c
fitted parameters initialized with current variable values

iter      chisq       delta/lim  lambda   a             b             c            
   0 1.5781499483e+16   0.00e+00  1.38e+07    1.000000e+00   1.000000e+00   1.000000e+00
  11 4.3558862479e-05  -1.04e-03  1.38e-04    4.012141e-09   5.717154e-08   7.625603e-04

After 11 iterations the fit converged.
final sum of squares of residuals : 4.35589e-05
rel. change during last iteration : -1.03848e-08

degrees of freedom    (FIT_NDF)                        : 22
rms of residuals      (FIT_STDFIT) = sqrt(WSSR/ndf)    : 0.00140711
variance of residuals (reduced chisquare) = WSSR/ndf   : 1.97995e-06

Final set of parameters            Asymptotic Standard Error
=======================            ==========================
a               = 4.01214e-09      +/- 9.228e-10    (23%)
b               = 5.71715e-08      +/- 1.953e-08    (34.16%)
c               = 0.00076256       +/- 0.001014     (133%)

correlation matrix of the fit parameters:
                a      b      c      
a               1.000 
b              -1.000  1.000 
c               0.840 -0.851  1.000 


*******************************************************************************
Tue Mar 29 11:32:41 2022


FIT:    data read from 'quicksort.txt'
        format = z
        x range restricted to [0.00000 : 2.00000e+06]
        #datapoints = 25
        residuals are weighted equally (unit weight)

function used for fitting: q(x)
	q(x) = a*x + b
fitted parameters initialized with current variable values

iter      chisq       delta/lim  lambda   a             b            
   0 6.3142978354e-01   0.00e+00  3.32e-03    4.012141e-09   5.717154e-08
   8 8.0983700686e-05  -3.10e-05  3.32e-11    1.420607e-07  -2.940439e-03

After 8 iterations the fit converged.
final sum of squares of residuals : 8.09837e-05
rel. change during last iteration : -3.10383e-10

degrees of freedom    (FIT_NDF)                        : 23
rms of residuals      (FIT_STDFIT) = sqrt(WSSR/ndf)    : 0.00187644
variance of residuals (reduced chisquare) = WSSR/ndf   : 3.52103e-06

Final set of parameters            Asymptotic Standard Error
=======================            ==========================
a               = 1.42061e-07      +/- 6.277e-10    (0.4418%)
b               = -0.00294044      +/- 0.000734     (24.96%)

correlation matrix of the fit parameters:
                a      b      
a               1.000 
b              -0.859  1.000 


*******************************************************************************
Tue Mar 29 11:40:49 2022


FIT:    data read from 'quicksort.txt'
        format = z
        x range restricted to [0.00000 : 2.00000e+06]
        #datapoints = 25
        residuals are weighted equally (unit weight)

function used for fitting: h(x)
	h(x) = a*x*x + b*x + c
fitted parameters initialized with current variable values

iter      chisq       delta/lim  lambda   a             b             c            
   0 1.6801443686e+12   0.00e+00  1.52e+05    1.420607e-07  -2.940439e-03   7.625603e-04
   6 4.4383355403e-05  -1.22e-01  1.52e-01    4.867876e-15   1.318893e-07   7.625598e-04

After 6 iterations the fit converged.
final sum of squares of residuals : 4.43834e-05
rel. change during last iteration : -1.21533e-06

degrees of freedom    (FIT_NDF)                        : 22
rms of residuals      (FIT_STDFIT) = sqrt(WSSR/ndf)    : 0.00142036
variance of residuals (reduced chisquare) = WSSR/ndf   : 2.01743e-06

Final set of parameters            Asymptotic Standard Error
=======================            ==========================
a               = 4.86788e-15      +/- 8.905e-16    (18.29%)
b               = 1.31889e-07      +/- 1.852e-09    (1.404%)
c               = 0.00076256       +/- 0.0008039    (105.4%)

correlation matrix of the fit parameters:
                a      b      c      
a               1.000 
b              -0.967  1.000 
c               0.723 -0.851  1.000 


*******************************************************************************
Tue Mar 29 12:20:32 2022


FIT:    data read from 'floyd.txt'
        format = z
        x range restricted to [0.00000 : 2.00000e+06]
        #datapoints = 25
        residuals are weighted equally (unit weight)

function used for fitting: f(x)
	f(x) = a*x**3 + b*x*x + c*x + d
fitted parameters initialized with current variable values

iter      chisq       delta/lim  lambda   a             b             c             d            
   0 4.0450714891e+03   0.00e+00  6.87e-01    4.867876e-15   1.318893e-07   7.625598e-04   1.000000e+00
   9 1.3522421224e-02  -9.93e-03  6.87e-10    4.515454e-09  -8.908002e-08  -1.782003e-05   1.724852e-02

After 9 iterations the fit converged.
final sum of squares of residuals : 0.0135224
rel. change during last iteration : -9.92781e-08

degrees of freedom    (FIT_NDF)                        : 21
rms of residuals      (FIT_STDFIT) = sqrt(WSSR/ndf)    : 0.0253757
variance of residuals (reduced chisquare) = WSSR/ndf   : 0.000643925

Final set of parameters            Asymptotic Standard Error
=======================            ==========================
a               = 4.51545e-09      +/- 3.525e-11    (0.7808%)
b               = -8.908e-08       +/- 1.122e-07    (126%)
c               = -1.782e-05       +/- 0.0001028    (576.9%)
d               = 0.0172485        +/- 0.02568      (148.9%)

correlation matrix of the fit parameters:
                a      b      c      d      
a               1.000 
b              -0.988  1.000 
c               0.930 -0.974  1.000 
d              -0.742  0.815 -0.910  1.000 


*******************************************************************************
Tue Mar 29 12:32:16 2022


FIT:    data read from 'floyd.txt'
        format = z
        x range restricted to [0.00000 : 2.00000e+06]
        #datapoints = 25
        residuals are weighted equally (unit weight)

function used for fitting: q(x)
	q(x) = a*x + b
fitted parameters initialized with current variable values

iter      chisq       delta/lim  lambda   a             b            
   0 5.1984292806e+03   0.00e+00  3.81e-06    4.515454e-09  -8.908002e-08
   5 4.2778490368e+02  -5.47e-06  3.81e-11    1.730559e-02  -8.459797e+00

After 5 iterations the fit converged.
final sum of squares of residuals : 427.785
rel. change during last iteration : -5.47352e-11

degrees of freedom    (FIT_NDF)                        : 23
rms of residuals      (FIT_STDFIT) = sqrt(WSSR/ndf)    : 4.3127
variance of residuals (reduced chisquare) = WSSR/ndf   : 18.5993

Final set of parameters            Asymptotic Standard Error
=======================            ==========================
a               = 0.0173056        +/- 0.001514     (8.749%)
b               = -8.4598          +/- 1.806        (21.35%)

correlation matrix of the fit parameters:
                a      b      
a               1.000 
b              -0.879  1.000 


*******************************************************************************
Tue Mar 29 12:33:32 2022


FIT:    data read from 'floyd.txt'
        format = z
        x range restricted to [0.00000 : 2.00000e+06]
        #datapoints = 25
        residuals are weighted equally (unit weight)

function used for fitting: h(x)
	h(x) = a*x*x + b*x + c
fitted parameters initialized with current variable values

iter      chisq       delta/lim  lambda   a             b             c            
   0 1.3094572093e+10   0.00e+00  1.97e+04    1.730559e-02  -8.459797e+00  -1.782003e-05
   5 2.3664213783e+01  -1.97e-05  1.97e-01    1.214078e-05  -7.453232e-03  -1.781959e-05

After 5 iterations the fit converged.
final sum of squares of residuals : 23.6642
rel. change during last iteration : -1.97018e-10

degrees of freedom    (FIT_NDF)                        : 22
rms of residuals      (FIT_STDFIT) = sqrt(WSSR/ndf)    : 1.03713
variance of residuals (reduced chisquare) = WSSR/ndf   : 1.07565

Final set of parameters            Asymptotic Standard Error
=======================            ==========================
a               = 1.21408e-05      +/- 7.163e-07    (5.9%)
b               = -0.00745323      +/- 0.001545     (20.73%)
c               = -1.78196e-05     +/- 0.7042       (3.952e+06%)

correlation matrix of the fit parameters:
                a      b      c      
a               1.000 
b              -0.972  1.000 
c               0.787 -0.893  1.000 


*******************************************************************************
Tue Mar 29 12:44:27 2022


FIT:    data read from 'floyd.txt'
        format = z
        x range restricted to [0.00000 : 2.00000e+06]
        #datapoints = 25
        residuals are weighted equally (unit weight)

function used for fitting: s(x)
	s(x) = a*x*(log(x)/log(2))+b*x+c
fitted parameters initialized with current variable values

iter      chisq       delta/lim  lambda   a             b             c            
   0 1.2877072400e+04   0.00e+00  5.13e+00    1.214078e-05  -7.453232e-03  -1.781959e-05
   9 5.4528484098e+01  -4.14e-04  5.13e-09    1.587635e-02  -1.622459e-01   8.772560e+00

After 9 iterations the fit converged.
final sum of squares of residuals : 54.5285
rel. change during last iteration : -4.13745e-09

degrees of freedom    (FIT_NDF)                        : 22
rms of residuals      (FIT_STDFIT) = sqrt(WSSR/ndf)    : 1.57435
variance of residuals (reduced chisquare) = WSSR/ndf   : 2.47857

Final set of parameters            Asymptotic Standard Error
=======================            ==========================
a               = 0.0158763        +/- 0.001294     (8.149%)
b               = -0.162246        +/- 0.01464      (9.024%)
c               = 8.77256          +/- 1.551        (17.68%)

correlation matrix of the fit parameters:
                a      b      c      
a               1.000 
b              -0.999  1.000 
c               0.905 -0.919  1.000 


*******************************************************************************
Tue Mar 29 12:46:34 2022


FIT:    data read from 'floyd.txt'
        format = z
        x range restricted to [0.00000 : 2.00000e+06]
        #datapoints = 25
        residuals are weighted equally (unit weight)

function used for fitting: t(x)
	t(x) = a*2**(b*x)
fitted parameters initialized with current variable values

iter      chisq       delta/lim  lambda   a             b            
   0 5.1984327951e+03   0.00e+00  3.29e-07    1.587635e-02  -1.622459e-01

Current data point
=========================
#               = 1 out of 25
x               = 2.91318        
z               = 0.00502122     

Current set of parameters
=========================
a               = 2.91318        
b               = 342.157        

BREAK: Undefined value during function evaluation

*******************************************************************************
Tue Mar 29 12:47:01 2022


FIT:    data read from 'floyd.txt'
        format = z
        x range restricted to [0.00000 : 2.00000e+06]
        #datapoints = 25
        residuals are weighted equally (unit weight)

function used for fitting: t(x)
	t(x) = a*2**(b*x)
fitted parameters initialized with current variable values


Current data point
=========================
#               = 1 out of 25
x               = 2.91318        
z               = 0.00502122     

Current set of parameters
=========================
a               = 2.91318        
b               = 342.157        

BREAK: Undefined value during function evaluation

*******************************************************************************
Tue Mar 29 12:47:10 2022


FIT:    data read from 'floyd.txt'
        format = z
        x range restricted to [0.00000 : 2.00000e+06]
        #datapoints = 25
        residuals are weighted equally (unit weight)

function used for fitting: t(x)
	t(x) = a*2**(b*x)
fitted parameters initialized with current variable values


Current data point
=========================
#               = 1 out of 25
x               = 2.91318        
z               = 0.00502122     

Current set of parameters
=========================
a               = 2.91318        
b               = 342.157        

BREAK: Undefined value during function evaluation

*******************************************************************************
Tue Mar 29 12:52:41 2022


FIT:    data read from 'floyd.txt'
        format = z
        x range restricted to [0.00000 : 2.00000e+06]
        #datapoints = 25
        residuals are weighted equally (unit weight)

function used for fitting: f(x)
	f(x) = a*x**3 + b*x*x + c*x + d
fitted parameters initialized with current variable values

iter      chisq       delta/lim  lambda   a             b             c             d            
   0 2.5248836982e+21   0.00e+00  4.72e+09    2.913180e+00   3.421570e+02   8.772560e+00   1.724852e-02
  11 1.3522421224e-02  -4.36e-10  4.72e+06    4.515454e-09  -8.908047e-08  -1.781958e-05   1.724840e-02

After 11 iterations the fit converged.
final sum of squares of residuals : 0.0135224
rel. change during last iteration : -4.36169e-15

degrees of freedom    (FIT_NDF)                        : 21
rms of residuals      (FIT_STDFIT) = sqrt(WSSR/ndf)    : 0.0253757
variance of residuals (reduced chisquare) = WSSR/ndf   : 0.000643925

Final set of parameters            Asymptotic Standard Error
=======================            ==========================
a               = 4.51545e-09      +/- 3.525e-11    (0.7808%)
b               = -8.90805e-08     +/- 1.122e-07    (126%)
c               = -1.78196e-05     +/- 0.0001028    (577%)
d               = 0.0172484        +/- 0.02568      (148.9%)

correlation matrix of the fit parameters:
                a      b      c      d      
a               1.000 
b              -0.988  1.000 
c               0.930 -0.974  1.000 
d              -0.742  0.815 -0.910  1.000 


*******************************************************************************
Tue Mar 29 12:57:34 2022


FIT:    data read from 'heapsort.txt'
        format = z
        #datapoints = 25
        residuals are weighted equally (unit weight)

function used for fitting: s(x)
	s(x) = a*x*(log(x)/log(2))+b*x+c
fitted parameters initialized with current variable values

iter      chisq       delta/lim  lambda   a             b             c            
   0 1.5628656311e+00   0.00e+00  8.67e-02    4.515454e-09  -8.908047e-08  -1.781958e-05
   7 1.1982546977e-04  -2.44e-04  8.67e-09    1.657002e-08  -1.245131e-07   3.120857e-03

After 7 iterations the fit converged.
final sum of squares of residuals : 0.000119825
rel. change during last iteration : -2.44465e-09

degrees of freedom    (FIT_NDF)                        : 22
rms of residuals      (FIT_STDFIT) = sqrt(WSSR/ndf)    : 0.0023338
variance of residuals (reduced chisquare) = WSSR/ndf   : 5.44661e-06

Final set of parameters            Asymptotic Standard Error
=======================            ==========================
a               = 1.657e-08        +/- 1.531e-09    (9.237%)
b               = -1.24513e-07     +/- 3.239e-08    (26.02%)
c               = 0.00312086       +/- 0.001682     (53.89%)

correlation matrix of the fit parameters:
                a      b      c      
a               1.000 
b              -1.000  1.000 
c               0.840 -0.851  1.000 


*******************************************************************************
Tue Mar 29 12:59:51 2022


FIT:    data read from 'insercion.txt'
        format = z
        #datapoints = 24
        residuals are weighted equally (unit weight)

function used for fitting: h(x)
	h(x) = a*x*x + b*x + c
fitted parameters initialized with current variable values

iter      chisq       delta/lim  lambda   a             b             c            
   0 4.3499235232e+06   0.00e+00  2.59e+02    1.657002e-08  -1.245131e-07   3.120857e-03
   8 3.1941391001e-01  -4.63e-04  2.59e-06    8.629907e-10  -4.143957e-07   3.262986e-02

After 8 iterations the fit converged.
final sum of squares of residuals : 0.319414
rel. change during last iteration : -4.63273e-09

degrees of freedom    (FIT_NDF)                        : 21
rms of residuals      (FIT_STDFIT) = sqrt(WSSR/ndf)    : 0.12333
variance of residuals (reduced chisquare) = WSSR/ndf   : 0.0152102

Final set of parameters            Asymptotic Standard Error
=======================            ==========================
a               = 8.62991e-10      +/- 5.889e-12    (0.6824%)
b               = -4.14396e-07     +/- 1.517e-06    (366%)
c               = 0.0326299        +/- 0.08229      (252.2%)

correlation matrix of the fit parameters:
                a      b      c      
a               1.000 
b              -0.971  1.000 
c               0.775 -0.885  1.000 


*******************************************************************************
Tue Mar 29 13:01:07 2022


FIT:    data read from 'seleccion.txt'
        format = z
        #datapoints = 24
        residuals are weighted equally (unit weight)

function used for fitting: h(x)
	h(x) = a*x*x + b*x + c
fitted parameters initialized with current variable values

iter      chisq       delta/lim  lambda   a             b             c            
   0 5.4516178952e+02   0.00e+00  1.35e+01    8.629907e-10  -4.143957e-07   3.262986e-02
   6 2.5989988997e-01  -1.22e-02  1.35e-05    1.080785e-09  -8.537791e-06   5.924880e-04

After 6 iterations the fit converged.
final sum of squares of residuals : 0.2599
rel. change during last iteration : -1.21859e-07

degrees of freedom    (FIT_NDF)                        : 21
rms of residuals      (FIT_STDFIT) = sqrt(WSSR/ndf)    : 0.111248
variance of residuals (reduced chisquare) = WSSR/ndf   : 0.0123762

Final set of parameters            Asymptotic Standard Error
=======================            ==========================
a               = 1.08079e-09      +/- 5.312e-12    (0.4915%)
b               = -8.53779e-06     +/- 1.368e-06    (16.02%)
c               = 0.000592488      +/- 0.07423      (1.253e+04%)

correlation matrix of the fit parameters:
                a      b      c      
a               1.000 
b              -0.971  1.000 
c               0.775 -0.885  1.000 


*******************************************************************************
Tue Mar 29 13:01:59 2022


FIT:    data read from 'hanoi.txt'
        format = z
        #datapoints = 25
        residuals are weighted equally (unit weight)

function used for fitting: t(x)
	t(x) = a*2**(b*x)
fitted parameters initialized with current variable values

iter      chisq       delta/lim  lambda   a             b            
   0 9.6258966687e+03   0.00e+00  7.64e-10    1.080785e-09  -8.537791e-06

Current data point
=========================
#               = 1 out of 25
x               = 6.67016        
z               = 6.06e-06       

Current set of parameters
=========================
a               = 6.67016        
b               = 181.741        

BREAK: Undefined value during function evaluation

*******************************************************************************
Tue Mar 29 22:31:31 2022


FIT:    data read from 'hanoi.txt'
        format = z
        #datapoints = 25
        residuals are weighted equally (unit weight)

function used for fitting: t(x)
	t(x) = a*2**(b*x)
fitted parameters initialized with current variable values


Current data point
=========================
#               = 1 out of 25
x               = 6.67016        
z               = 6.06e-06       

Current set of parameters
=========================
a               = 6.67016        
b               = 181.741        

BREAK: Undefined value during function evaluation

*******************************************************************************
Tue Mar 29 22:31:32 2022


FIT:    data read from 'hanoi.txt'
        format = z
        #datapoints = 25
        residuals are weighted equally (unit weight)

function used for fitting: t(x)
	t(x) = a*2**(b*x)
fitted parameters initialized with current variable values


Current data point
=========================
#               = 1 out of 25
x               = 6.67016        
z               = 6.06e-06       

Current set of parameters
=========================
a               = 6.67016        
b               = 181.741        

BREAK: Undefined value during function evaluation

*******************************************************************************
Tue Mar 29 22:31:32 2022


FIT:    data read from 'hanoi.txt'
        format = z
        #datapoints = 25
        residuals are weighted equally (unit weight)

function used for fitting: t(x)
	t(x) = a*2**(b*x)
fitted parameters initialized with current variable values


Current data point
=========================
#               = 1 out of 25
x               = 6.67016        
z               = 6.06e-06       

Current set of parameters
=========================
a               = 6.67016        
b               = 181.741        

BREAK: Undefined value during function evaluation

*******************************************************************************
Tue Mar 29 22:31:33 2022


FIT:    data read from 'hanoi.txt'
        format = z
        #datapoints = 25
        residuals are weighted equally (unit weight)

function used for fitting: t(x)
	t(x) = a*2**(b*x)
fitted parameters initialized with current variable values


Current data point
=========================
#               = 1 out of 25
x               = 6.67016        
z               = 6.06e-06       

Current set of parameters
=========================
a               = 6.67016        
b               = 181.741        

BREAK: Undefined value during function evaluation

*******************************************************************************
Tue Mar 29 22:31:33 2022


FIT:    data read from 'hanoi.txt'
        format = z
        #datapoints = 25
        residuals are weighted equally (unit weight)

function used for fitting: t(x)
	t(x) = a*2**(b*x)
fitted parameters initialized with current variable values


Current data point
=========================
#               = 1 out of 25
x               = 6.67016        
z               = 6.06e-06       

Current set of parameters
=========================
a               = 6.67016        
b               = 181.741        

BREAK: Undefined value during function evaluation

*******************************************************************************
Tue Mar 29 22:31:34 2022


FIT:    data read from 'hanoi.txt'
        format = z
        #datapoints = 25
        residuals are weighted equally (unit weight)

function used for fitting: t(x)
	t(x) = a*2**(b*x)
fitted parameters initialized with current variable values


Current data point
=========================
#               = 1 out of 25
x               = 6.67016        
z               = 6.06e-06       

Current set of parameters
=========================
a               = 6.67016        
b               = 181.741        

BREAK: Undefined value during function evaluation

*******************************************************************************
Tue Mar 29 22:31:34 2022


FIT:    data read from 'hanoi.txt'
        format = z
        #datapoints = 25
        residuals are weighted equally (unit weight)

function used for fitting: t(x)
	t(x) = a*2**(b*x)
fitted parameters initialized with current variable values


Current data point
=========================
#               = 1 out of 25
x               = 6.67016        
z               = 6.06e-06       

Current set of parameters
=========================
a               = 6.67016        
b               = 181.741        

BREAK: Undefined value during function evaluation

*******************************************************************************
Tue Mar 29 22:31:35 2022


FIT:    data read from 'hanoi.txt'
        format = z
        #datapoints = 25
        residuals are weighted equally (unit weight)

function used for fitting: t(x)
	t(x) = a*2**(b*x)
fitted parameters initialized with current variable values


Current data point
=========================
#               = 1 out of 25
x               = 6.67016        
z               = 6.06e-06       

Current set of parameters
=========================
a               = 6.67016        
b               = 181.741        

BREAK: Undefined value during function evaluation

*******************************************************************************
Tue Mar 29 22:31:35 2022


FIT:    data read from 'hanoi.txt'
        format = z
        #datapoints = 25
        residuals are weighted equally (unit weight)

function used for fitting: t(x)
	t(x) = a*2**(b*x)
fitted parameters initialized with current variable values


Current data point
=========================
#               = 1 out of 25
x               = 6.67016        
z               = 6.06e-06       

Current set of parameters
=========================
a               = 6.67016        
b               = 181.741        

BREAK: Undefined value during function evaluation

*******************************************************************************
Tue Mar 29 22:36:48 2022


FIT:    data read from 'hanoi.txt'
        format = z
        #datapoints = 25
        residuals are weighted equally (unit weight)

function used for fitting: f(x)
	f(x) = a*2**(b*x)
fitted parameters initialized with current variable values


Current data point
=========================
#               = 1 out of 25
x               = 6.67016        
z               = 6.06e-06       

Current set of parameters
=========================
a               = 6.67016        
b               = 181.741        

BREAK: Undefined value during function evaluation

*******************************************************************************
Tue Mar 29 22:39:50 2022


FIT:    data read from 'hanoi.txt'
        format = z
        #datapoints = 25
        residuals are weighted equally (unit weight)

function used for fitting: f(x)
	f(x) = a*2**x + b
fitted parameters initialized with current variable values

iter      chisq       delta/lim  lambda   a             b            
   0 1.7508607058e+22   0.00e+00  1.87e+10    6.670165e+00   1.817406e+02
   4 7.2659956524e+05  -1.49e-01  1.87e+06   -1.092230e-08   1.817406e+02

After 4 iterations the fit converged.
final sum of squares of residuals : 726600
rel. change during last iteration : -1.48585e-06

degrees of freedom    (FIT_NDF)                        : 23
rms of residuals      (FIT_STDFIT) = sqrt(WSSR/ndf)    : 177.739
variance of residuals (reduced chisquare) = WSSR/ndf   : 31591.3

Final set of parameters            Asymptotic Standard Error
=======================            ==========================
a               = -1.09223e-08     +/- 9.551e-09    (87.45%)
b               = 181.741          +/- 37.89        (20.85%)

correlation matrix of the fit parameters:
                a      b      
a               1.000 
b              -0.346  1.000 


*******************************************************************************
Tue Mar 29 22:46:36 2022


FIT:    data read from 'hanoi.txt'
        format = z
        #datapoints = 25
        residuals are weighted equally (unit weight)

function used for fitting: f(x)
	f(x) = a_0*2**(x*a_1)
fitted parameters initialized with current variable values

iter      chisq       delta/lim  lambda   a_0           a_1          
   0 3.9353053635e+20   0.00e+00  6.63e+10    1.000000e+00   1.000000e+00
 597 9.4319399638e-04  -4.25e-02  6.63e-04    5.083652e-09   9.988214e-01

After 597 iterations the fit converged.
final sum of squares of residuals : 0.000943194
rel. change during last iteration : -4.25471e-07

degrees of freedom    (FIT_NDF)                        : 23
rms of residuals      (FIT_STDFIT) = sqrt(WSSR/ndf)    : 0.00640378
variance of residuals (reduced chisquare) = WSSR/ndf   : 4.10084e-05

Final set of parameters            Asymptotic Standard Error
=======================            ==========================
a_0             = 5.08365e-09      +/- 1.655e-11    (0.3256%)
a_1             = 0.998821         +/- 0.0001379    (0.0138%)

correlation matrix of the fit parameters:
                a_0    a_1    
a_0             1.000 
a_1            -1.000  1.000 


*******************************************************************************
Tue Mar 29 22:50:23 2022


FIT:    data read from 'floyd.txt'
        format = z
        #datapoints = 25
        residuals are weighted equally (unit weight)

function used for fitting: f(x)
	f(x) = a_0*2**(x*a_1)
BREAK: Need via and either parameter list or file

*******************************************************************************
Tue Mar 29 22:50:32 2022


FIT:    data read from 'floyd.txt'
        format = z
        #datapoints = 25
        residuals are weighted equally (unit weight)

function used for fitting: f(x)
	f(x) = a_0*2**(x*a_1)
fitted parameters initialized with current variable values


Current data point
=========================
#               = 13 out of 25
x               = 5.08365e-09    
z               = 5.08609        

Current set of parameters
=========================
a_0             = 5.08365e-09    
a_1             = 0.998821       

BREAK: Undefined value during function evaluation

*******************************************************************************
Tue Mar 29 22:50:37 2022


FIT:    data read from 'floyd.txt'
        format = z
        #datapoints = 25
        residuals are weighted equally (unit weight)

function used for fitting: f(x)
	f(x) = a_0*2**(x*a_1)
fitted parameters initialized with current variable values


Current data point
=========================
#               = 13 out of 25
x               = 5.08365e-09    
z               = 5.08609        

Current set of parameters
=========================
a_0             = 5.08365e-09    
a_1             = 0.998821       

BREAK: Undefined value during function evaluation

*******************************************************************************
Tue Mar 29 22:51:43 2022


FIT:    data read from 'floyd.txt'
        format = z
        #datapoints = 25
        residuals are weighted equally (unit weight)

function used for fitting: f(x)
	f(x) = a*2**(b*x)
fitted parameters initialized with current variable values


Current data point
=========================
#               = 13 out of 25
x               = 1              
z               = 5.08609        

Current set of parameters
=========================
a               = 1              
b               = 1              

BREAK: Undefined value during function evaluation

*******************************************************************************
Tue Mar 29 22:52:43 2022


FIT:    data read from 'floyd.txt'
        format = z
        #datapoints = 25
        residuals are weighted equally (unit weight)

function used for fitting: f(x)
	f(x) = a_2*2**(x*a_3)
fitted parameters initialized with current variable values


Current data point
=========================
#               = 13 out of 25
x               = 1              
z               = 5.08609        

Current set of parameters
=========================
a_2             = 1              
a_3             = 1              

BREAK: Undefined value during function evaluation

*******************************************************************************
Wed Mar 30 11:48:22 2022


FIT:    data read from 'quicksort.txt'
        format = z
        #datapoints = 25
        residuals are weighted equally (unit weight)

function used for fitting: f(x)
	f(x) = a*x*(log(b*x)/log(2)) + c*x + d
fitted parameters initialized with current variable values

iter      chisq       delta/lim  lambda   a             b             c             d            
   0 1.5781499483e+16   0.00e+00  1.20e+07    1.000000e+00   1.000000e+00   1.000000e+00   1.000000e+00
  11 4.3558862479e-05  -2.47e-04  1.20e-04    4.012141e-09   9.776909e-01   5.730213e-08   7.625603e-04

After 11 iterations the fit converged.
final sum of squares of residuals : 4.35589e-05
rel. change during last iteration : -2.4706e-09

degrees of freedom    (FIT_NDF)                        : 21
rms of residuals      (FIT_STDFIT) = sqrt(WSSR/ndf)    : 0.00144022
variance of residuals (reduced chisquare) = WSSR/ndf   : 2.07423e-06

Final set of parameters            Asymptotic Standard Error
=======================            ==========================
a               = 4.01214e-09      +/- 9.485e-10    (23.64%)
b               = 0.977691         +/- 1.766e+10    (1.806e+12%)
c               = 5.73021e-08      +/- 104.5        (1.824e+11%)
d               = 0.00076256       +/- 0.001039     (136.2%)

correlation matrix of the fit parameters:
                a      b      c      d      
a               1.000 
b              -0.091  1.000 
c               0.091 -1.000  1.000 
d               0.839 -0.036  0.036  1.000 


*******************************************************************************
Wed Mar 30 11:50:36 2022


FIT:    data read from 'quicksort.txt'
        format = z
        #datapoints = 25
        residuals are weighted equally (unit weight)

function used for fitting: f(x)
	f(x) = a_1*x*(log(b_1*x)/log(2)) + c_1*x + d_1
fitted parameters initialized with current variable values

iter      chisq       delta/lim  lambda   a_1           b_1           c_1           d_1          
   0 1.5781499483e+16   0.00e+00  1.20e+07    1.000000e+00   1.000000e+00   1.000000e+00   1.000000e+00
  11 4.3558862479e-05  -2.47e-04  1.20e-04    4.012141e-09   9.776909e-01   5.730213e-08   7.625603e-04

After 11 iterations the fit converged.
final sum of squares of residuals : 4.35589e-05
rel. change during last iteration : -2.4706e-09

degrees of freedom    (FIT_NDF)                        : 21
rms of residuals      (FIT_STDFIT) = sqrt(WSSR/ndf)    : 0.00144022
variance of residuals (reduced chisquare) = WSSR/ndf   : 2.07423e-06

Final set of parameters            Asymptotic Standard Error
=======================            ==========================
a_1             = 4.01214e-09      +/- 9.485e-10    (23.64%)
b_1             = 0.977691         +/- 1.766e+10    (1.806e+12%)
c_1             = 5.73021e-08      +/- 104.5        (1.824e+11%)
d_1             = 0.00076256       +/- 0.001039     (136.2%)

correlation matrix of the fit parameters:
                a_1    b_1    c_1    d_1    
a_1             1.000 
b_1            -0.091  1.000 
c_1             0.091 -1.000  1.000 
d_1             0.839 -0.036  0.036  1.000 


*******************************************************************************
Wed Mar 30 11:51:43 2022


FIT:    data read from 'quicksort_A.txt'
        format = z
        #datapoints = 25
        residuals are weighted equally (unit weight)

function used for fitting: q(x)
	q(x) = a_2*x*(log(b_2*x)/log(2)) + c_2*x + d_2
fitted parameters initialized with current variable values

iter      chisq       delta/lim  lambda   a_2           b_2           c_2           d_2          
   0 1.6482061373e+16   0.00e+00  1.23e+07    1.000000e+00   1.000000e+00   1.000000e+00   1.000000e+00
  11 9.6785617365e-06  -1.65e-02  1.23e-04    5.932366e-09   9.776869e-01   2.264950e-08  -2.425416e-04

After 11 iterations the fit converged.
final sum of squares of residuals : 9.67856e-06
rel. change during last iteration : -1.65397e-07

degrees of freedom    (FIT_NDF)                        : 21
rms of residuals      (FIT_STDFIT) = sqrt(WSSR/ndf)    : 0.000678884
variance of residuals (reduced chisquare) = WSSR/ndf   : 4.60884e-07

Final set of parameters            Asymptotic Standard Error
=======================            ==========================
a_2             = 5.93237e-09      +/- 6.964e-10    (11.74%)
b_2             = 0.977687         +/- 7.539e+09    (7.711e+11%)
c_2             = 2.26495e-08      +/- 65.96        (2.912e+11%)
d_2             = -0.000242542     +/- 0.0007386    (304.5%)

correlation matrix of the fit parameters:
                a_2    b_2    c_2    d_2    
a_2             1.000 
b_2            -0.601  1.000 
c_2             0.601 -1.000  1.000 
d_2             0.910 -0.425  0.425  1.000 


*******************************************************************************
Wed Mar 30 11:57:02 2022


FIT:    data read from 'quicksort_E.txt'
        format = z
        #datapoints = 25
        residuals are weighted equally (unit weight)

function used for fitting: h(x)
	h(x) = a_3*x*(log(b_3*x)/log(2)) + c_3*x + d_3
fitted parameters initialized with current variable values

iter      chisq       delta/lim  lambda   a_3           b_3           c_3           d_3          
   0 1.5781499431e+16   0.00e+00  1.20e+07    1.000000e+00   1.000000e+00   1.000000e+00   1.000000e+00
  11 6.6984365517e-03  -1.63e-06  1.20e-04   -6.583072e-09   9.776909e-01   3.151723e-07  -6.660863e-03

After 11 iterations the fit converged.
final sum of squares of residuals : 0.00669844
rel. change during last iteration : -1.63055e-11

degrees of freedom    (FIT_NDF)                        : 21
rms of residuals      (FIT_STDFIT) = sqrt(WSSR/ndf)    : 0.0178598
variance of residuals (reduced chisquare) = WSSR/ndf   : 0.000318973

Final set of parameters            Asymptotic Standard Error
=======================            ==========================
a_3             = -6.58307e-09     +/- 1.222e-08    (185.7%)
b_3             = 0.977691         +/- 1.609e+11    (1.645e+13%)
c_3             = 3.15172e-07      +/- 1562         (4.956e+11%)
d_3             = -0.00666086      +/- 0.01309      (196.5%)

correlation matrix of the fit parameters:
                a_3    b_3    c_3    d_3    
a_3             1.000 
b_3             0.286  1.000 
c_3             0.286  1.000  1.000 
d_3             0.843  0.181  0.181  1.000 


*******************************************************************************
Wed Mar 30 12:34:39 2022


FIT:    data read from 'quicksort0.txt'
        format = z
        #datapoints = 25
        residuals are weighted equally (unit weight)

function used for fitting: f(x)
	f(x) = a_1*x*(log(b_1*x)/log(2)) + c_1*x + d_1
fitted parameters initialized with current variable values

iter      chisq       delta/lim  lambda   a_1           b_1           c_1           d_1          
   0 6.0439652042e-04   0.00e+00  5.99e-02    4.012141e-09   9.776909e-01   5.730213e-08   7.625603e-04
   6 9.6785617365e-06  -1.05e-08  5.99e-07    5.932366e-09   9.131299e-01   2.323415e-08  -2.425416e-04

After 6 iterations the fit converged.
final sum of squares of residuals : 9.67856e-06
rel. change during last iteration : -1.04845e-13

degrees of freedom    (FIT_NDF)                        : 21
rms of residuals      (FIT_STDFIT) = sqrt(WSSR/ndf)    : 0.000678884
variance of residuals (reduced chisquare) = WSSR/ndf   : 4.60884e-07

Final set of parameters            Asymptotic Standard Error
=======================            ==========================
a_1             = 5.93237e-09      +/- 5.987e-10    (10.09%)
b_1             = 0.91313          +/- 6.848e+09    (7.5e+11%)
c_1             = 2.32341e-08      +/- 64.16        (2.761e+11%)
d_1             = -0.000242542     +/- 0.0006942    (286.2%)

correlation matrix of the fit parameters:
                a_1    b_1    c_1    d_1    
a_1             1.000 
b_1             0.368  1.000 
c_1            -0.368 -1.000  1.000 
d_1             0.910  0.269 -0.269  1.000 


*******************************************************************************
Wed Mar 30 12:35:02 2022


FIT:    data read from 'quicksort1.txt'
        format = z
        #datapoints = 25
        residuals are weighted equally (unit weight)

function used for fitting: q(x)
	q(x) = a_2*x*(log(b_2*x)/log(2)) + c_2*x + d_2
fitted parameters initialized with current variable values

iter      chisq       delta/lim  lambda   a_2           b_2           c_2           d_2          
   0 1.6399592628e-01   0.00e+00  7.39e-02    5.932366e-09   9.776869e-01   2.264950e-08  -2.425416e-04
   6 6.6011799257e-06  -4.19e-02  7.39e-08    3.510403e-09   8.055470e-01   5.132405e-09   1.154307e-04

After 6 iterations the fit converged.
final sum of squares of residuals : 6.60118e-06
rel. change during last iteration : -4.18508e-07

degrees of freedom    (FIT_NDF)                        : 21
rms of residuals      (FIT_STDFIT) = sqrt(WSSR/ndf)    : 0.000560662
variance of residuals (reduced chisquare) = WSSR/ndf   : 3.14342e-07

Final set of parameters            Asymptotic Standard Error
=======================            ==========================
a_2             = 3.5104e-09       +/- 4.841e-10    (13.79%)
b_2             = 0.805547         +/- 6.321e+09    (7.847e+11%)
c_2             = 5.13241e-09      +/- 39.72        (7.74e+11%)
d_2             = 0.000115431      +/- 0.0005668    (491%)

correlation matrix of the fit parameters:
                a_2    b_2    c_2    d_2    
a_2             1.000 
b_2             0.314  1.000 
c_2            -0.314 -1.000  1.000 
d_2             0.908  0.226 -0.226  1.000 


*******************************************************************************
Wed Mar 30 12:35:30 2022


FIT:    data read from 'quicksort2.txt'
        format = z
        #datapoints = 25
        residuals are weighted equally (unit weight)

function used for fitting: h(x)
	h(x) = a_3*x*(log(b_3*x)/log(2)) + c_3*x + d_3
fitted parameters initialized with current variable values

iter      chisq       delta/lim  lambda   a_3           b_3           c_3           d_3          
   0 3.8696594844e-01   0.00e+00  2.05e-01   -6.583072e-09   9.776909e-01   3.151723e-07  -6.660863e-03
   5 5.3446891894e-06  -4.11e-01  2.05e-06    2.727524e-09   1.000862e+00   1.611321e-08  -4.931062e-04

After 5 iterations the fit converged.
final sum of squares of residuals : 5.34469e-06
rel. change during last iteration : -4.11137e-06

degrees of freedom    (FIT_NDF)                        : 21
rms of residuals      (FIT_STDFIT) = sqrt(WSSR/ndf)    : 0.000504489
variance of residuals (reduced chisquare) = WSSR/ndf   : 2.54509e-07

Final set of parameters            Asymptotic Standard Error
=======================            ==========================
a_3             = 2.72752e-09      +/- 4.19e-10     (15.36%)
b_3             = 1.00086          +/- 1.075e+10    (1.074e+12%)
c_3             = 1.61132e-08      +/- 42.24        (2.621e+11%)
d_3             = -0.000493106     +/- 0.0005001    (101.4%)

correlation matrix of the fit parameters:
                a_3    b_3    c_3    d_3    
a_3             1.000 
b_3            -0.161  1.000 
c_3             0.161 -1.000  1.000 
d_3             0.906 -0.115  0.115  1.000 


*******************************************************************************
Wed Mar 30 12:53:05 2022


FIT:    data read from 'floyd_M.txt'
        format = z
        #datapoints = 25
        residuals are weighted equally (unit weight)

function used for fitting: f(x)
	f(x) = a_1*x**3 + b_1*x*x + c_1*x + d_1
fitted parameters initialized with current variable values

iter      chisq       delta/lim  lambda   a_1           b_1           c_1           d_1          
   0 7.3668292735e+13   0.00e+00  8.58e+05    5.932366e-09   9.131299e-01   2.323415e-08  -2.425416e-04
  14 1.3522421224e-02  -3.28e-02  8.58e-09    4.515454e-09  -8.908009e-08  -1.781997e-05   1.724851e-02

After 14 iterations the fit converged.
final sum of squares of residuals : 0.0135224
rel. change during last iteration : -3.27612e-07

degrees of freedom    (FIT_NDF)                        : 21
rms of residuals      (FIT_STDFIT) = sqrt(WSSR/ndf)    : 0.0253757
variance of residuals (reduced chisquare) = WSSR/ndf   : 0.000643925

Final set of parameters            Asymptotic Standard Error
=======================            ==========================
a_1             = 4.51545e-09      +/- 3.525e-11    (0.7808%)
b_1             = -8.90801e-08     +/- 1.122e-07    (126%)
c_1             = -1.782e-05       +/- 0.0001028    (576.9%)
d_1             = 0.0172485        +/- 0.02568      (148.9%)

correlation matrix of the fit parameters:
                a_1    b_1    c_1    d_1    
a_1             1.000 
b_1            -0.988  1.000 
c_1             0.930 -0.974  1.000 
d_1            -0.742  0.815 -0.910  1.000 


*******************************************************************************
Wed Mar 30 12:55:07 2022


FIT:    data read from 'floyd_A.txt'
        format = z
        #datapoints = 25
        residuals are weighted equally (unit weight)

function used for fitting: q(x)
	q(x) = a_2*x**3 + b_2*x*x + c_2*x + d_2
fitted parameters initialized with current variable values

iter      chisq       delta/lim  lambda   a_2           b_2           c_2           d_2          
   0 5.7331429080e+13   0.00e+00  7.57e+05    3.510403e-09   8.055470e-01   5.132405e-09   1.154307e-04
  15 7.5011141559e-03  -7.53e-03  7.57e-10    4.797513e-09  -2.553317e-07   1.056557e-04  -8.138765e-03

After 15 iterations the fit converged.
final sum of squares of residuals : 0.00750111
rel. change during last iteration : -7.53049e-08

degrees of freedom    (FIT_NDF)                        : 21
rms of residuals      (FIT_STDFIT) = sqrt(WSSR/ndf)    : 0.0188996
variance of residuals (reduced chisquare) = WSSR/ndf   : 0.000357196

Final set of parameters            Asymptotic Standard Error
=======================            ==========================
a_2             = 4.79751e-09      +/- 2.626e-11    (0.5473%)
b_2             = -2.55332e-07     +/- 8.358e-08    (32.73%)
c_2             = 0.000105656      +/- 7.657e-05    (72.47%)
d_2             = -0.00813876      +/- 0.01913      (235%)

correlation matrix of the fit parameters:
                a_2    b_2    c_2    d_2    
a_2             1.000 
b_2            -0.988  1.000 
c_2             0.930 -0.974  1.000 
d_2            -0.742  0.815 -0.910  1.000 


*******************************************************************************
Wed Mar 30 12:55:53 2022


FIT:    data read from 'floyd_E.txt'
        format = z
        #datapoints = 25
        residuals are weighted equally (unit weight)

function used for fitting: h(x)
	h(x) = a_3*x**3 + b_3*x*x + c_3*x + d_3
fitted parameters initialized with current variable values

iter      chisq       delta/lim  lambda   a_3           b_3           c_3           d_3          
   0 8.8502514386e+13   0.00e+00  9.41e+05    2.727524e-09   1.000862e+00   1.611321e-08  -4.931062e-04
  15 6.5033668838e-02  -2.05e-05  9.41e-10    6.684879e-09   6.965719e-07  -5.900259e-04   1.066281e-01

After 15 iterations the fit converged.
final sum of squares of residuals : 0.0650337
rel. change during last iteration : -2.05436e-10

degrees of freedom    (FIT_NDF)                        : 21
rms of residuals      (FIT_STDFIT) = sqrt(WSSR/ndf)    : 0.0556493
variance of residuals (reduced chisquare) = WSSR/ndf   : 0.00309684

Final set of parameters            Asymptotic Standard Error
=======================            ==========================
a_3             = 6.68488e-09      +/- 7.731e-11    (1.157%)
b_3             = 6.96572e-07      +/- 2.461e-07    (35.33%)
c_3             = -0.000590026     +/- 0.0002255    (38.21%)
d_3             = 0.106628         +/- 0.05632      (52.82%)

correlation matrix of the fit parameters:
                a_3    b_3    c_3    d_3    
a_3             1.000 
b_3            -0.988  1.000 
c_3             0.930 -0.974  1.000 
d_3            -0.742  0.815 -0.910  1.000 


*******************************************************************************
Wed Mar 30 12:57:27 2022


FIT:    data read from 'floyd0.txt'
        format = z
        #datapoints = 25
        residuals are weighted equally (unit weight)

function used for fitting: f(x)
	f(x) = a_1*x**3 + b_1*x*x + c_1*x + d_1
fitted parameters initialized with current variable values

iter      chisq       delta/lim  lambda   a_1           b_1           c_1           d_1          
   0 1.3018894308e+01   0.00e+00  7.30e+00    4.515454e-09  -8.908009e-08  -1.781997e-05   1.724851e-02
   7 7.5011141559e-03  -5.66e-07  7.30e-07    4.797513e-09  -2.553317e-07   1.056557e-04  -8.138765e-03

After 7 iterations the fit converged.
final sum of squares of residuals : 0.00750111
rel. change during last iteration : -5.65667e-12

degrees of freedom    (FIT_NDF)                        : 21
rms of residuals      (FIT_STDFIT) = sqrt(WSSR/ndf)    : 0.0188996
variance of residuals (reduced chisquare) = WSSR/ndf   : 0.000357196

Final set of parameters            Asymptotic Standard Error
=======================            ==========================
a_1             = 4.79751e-09      +/- 2.626e-11    (0.5473%)
b_1             = -2.55332e-07     +/- 8.358e-08    (32.73%)
c_1             = 0.000105656      +/- 7.657e-05    (72.47%)
d_1             = -0.00813877      +/- 0.01913      (235%)

correlation matrix of the fit parameters:
                a_1    b_1    c_1    d_1    
a_1             1.000 
b_1            -0.988  1.000 
c_1             0.930 -0.974  1.000 
d_1            -0.742  0.815 -0.910  1.000 


*******************************************************************************
Wed Mar 30 12:57:35 2022


FIT:    data read from 'floyd1.txt'
        format = z
        #datapoints = 25
        residuals are weighted equally (unit weight)

function used for fitting: q(x)
	q(x) = a_2*x**3 + b_2*x*x + c_2*x + d_2
fitted parameters initialized with current variable values

iter      chisq       delta/lim  lambda   a_2           b_2           c_2           d_2          
   0 3.7497330052e+03   0.00e+00  7.76e+00    4.797513e-09  -2.553317e-07   1.056557e-04  -8.138765e-03
   6 1.0638437326e-02  -2.54e-01  7.76e-06    9.571146e-10  -7.167407e-08  -7.475101e-05   2.343644e-02

After 6 iterations the fit converged.
final sum of squares of residuals : 0.0106384
rel. change during last iteration : -2.54356e-06

degrees of freedom    (FIT_NDF)                        : 21
rms of residuals      (FIT_STDFIT) = sqrt(WSSR/ndf)    : 0.0225076
variance of residuals (reduced chisquare) = WSSR/ndf   : 0.000506592

Final set of parameters            Asymptotic Standard Error
=======================            ==========================
a_2             = 9.57115e-10      +/- 3.127e-11    (3.267%)
b_2             = -7.16741e-08     +/- 9.953e-08    (138.9%)
c_2             = -7.4751e-05      +/- 9.119e-05    (122%)
d_2             = 0.0234364        +/- 0.02278      (97.19%)

correlation matrix of the fit parameters:
                a_2    b_2    c_2    d_2    
a_2             1.000 
b_2            -0.988  1.000 
c_2             0.930 -0.974  1.000 
d_2            -0.742  0.815 -0.910  1.000 


*******************************************************************************
Wed Mar 30 12:57:43 2022


FIT:    data read from 'floyd2.txt'
        format = z
        #datapoints = 25
        residuals are weighted equally (unit weight)

function used for fitting: h(x)
	h(x) = a_3*x**3 + b_3*x*x + c_3*x + d_3
fitted parameters initialized with current variable values

iter      chisq       delta/lim  lambda   a_3           b_3           c_3           d_3          
   0 9.9189247582e+03   0.00e+00  1.08e+01    6.684879e-09   6.965719e-07  -5.900259e-04   1.066281e-01
   6 1.2703985014e-02  -6.27e-07  1.08e-05    8.037832e-10  -6.784381e-08  -7.746876e-05   2.380138e-02

After 6 iterations the fit converged.
final sum of squares of residuals : 0.012704
rel. change during last iteration : -6.27295e-12

degrees of freedom    (FIT_NDF)                        : 21
rms of residuals      (FIT_STDFIT) = sqrt(WSSR/ndf)    : 0.0245958
variance of residuals (reduced chisquare) = WSSR/ndf   : 0.000604952

Final set of parameters            Asymptotic Standard Error
=======================            ==========================
a_3             = 8.03783e-10      +/- 3.417e-11    (4.251%)
b_3             = -6.78438e-08     +/- 1.088e-07    (160.3%)
c_3             = -7.74688e-05     +/- 9.965e-05    (128.6%)
d_3             = 0.0238014        +/- 0.02489      (104.6%)

correlation matrix of the fit parameters:
                a_3    b_3    c_3    d_3    
a_3             1.000 
b_3            -0.988  1.000 
c_3             0.930 -0.974  1.000 
d_3            -0.742  0.815 -0.910  1.000 


*******************************************************************************
Thu Mar 31 16:13:12 2022


FIT:    data read from 'quicksort.txt'
        format = z
        #datapoints = 25
        residuals are weighted equally (unit weight)

function used for fitting: f(x)
	f(x) = a_1*x*(log(b_1*x)/log(2)) + c_1*x + d_1
fitted parameters initialized with current variable values

iter      chisq       delta/lim  lambda   a_1           b_1           c_1           d_1          
   0 1.5781499483e+16   0.00e+00  1.20e+07    1.000000e+00   1.000000e+00   1.000000e+00   1.000000e+00
  11 4.3558862479e-05  -2.47e-04  1.20e-04    4.012141e-09   9.776909e-01   5.730213e-08   7.625603e-04

After 11 iterations the fit converged.
final sum of squares of residuals : 4.35589e-05
rel. change during last iteration : -2.4706e-09

degrees of freedom    (FIT_NDF)                        : 21
rms of residuals      (FIT_STDFIT) = sqrt(WSSR/ndf)    : 0.00144022
variance of residuals (reduced chisquare) = WSSR/ndf   : 2.07423e-06

Final set of parameters            Asymptotic Standard Error
=======================            ==========================
a_1             = 4.01214e-09      +/- 9.485e-10    (23.64%)
b_1             = 0.977691         +/- 1.766e+10    (1.806e+12%)
c_1             = 5.73021e-08      +/- 104.5        (1.824e+11%)
d_1             = 0.00076256       +/- 0.001039     (136.2%)

correlation matrix of the fit parameters:
                a_1    b_1    c_1    d_1    
a_1             1.000 
b_1            -0.091  1.000 
c_1             0.091 -1.000  1.000 
d_1             0.839 -0.036  0.036  1.000 


*******************************************************************************
Thu Mar 31 16:13:44 2022


FIT:    data read from 'quicksort_A.txt'
        format = z
        #datapoints = 25
        residuals are weighted equally (unit weight)

function used for fitting: q(x)
	q(x) = a_2*x*(log(b_2*x)/log(2)) + c_2*x + d_2
fitted parameters initialized with current variable values

iter      chisq       delta/lim  lambda   a_2           b_2           c_2           d_2          
   0 1.6482061373e+16   0.00e+00  1.23e+07    1.000000e+00   1.000000e+00   1.000000e+00   1.000000e+00
  11 9.6785617365e-06  -1.65e-02  1.23e-04    5.932366e-09   9.776869e-01   2.264950e-08  -2.425416e-04

After 11 iterations the fit converged.
final sum of squares of residuals : 9.67856e-06
rel. change during last iteration : -1.65397e-07

degrees of freedom    (FIT_NDF)                        : 21
rms of residuals      (FIT_STDFIT) = sqrt(WSSR/ndf)    : 0.000678884
variance of residuals (reduced chisquare) = WSSR/ndf   : 4.60884e-07

Final set of parameters            Asymptotic Standard Error
=======================            ==========================
a_2             = 5.93237e-09      +/- 6.964e-10    (11.74%)
b_2             = 0.977687         +/- 7.539e+09    (7.711e+11%)
c_2             = 2.26495e-08      +/- 65.96        (2.912e+11%)
d_2             = -0.000242542     +/- 0.0007386    (304.5%)

correlation matrix of the fit parameters:
                a_2    b_2    c_2    d_2    
a_2             1.000 
b_2            -0.601  1.000 
c_2             0.601 -1.000  1.000 
d_2             0.910 -0.425  0.425  1.000 


*******************************************************************************
Thu Mar 31 16:14:22 2022


FIT:    data read from 'quicksort_E.txt'
        format = z
        #datapoints = 25
        residuals are weighted equally (unit weight)

function used for fitting: h(x)
	h(x) = a_3*x*(log(b_3*x)/log(2)) + c_3*x + d_3
fitted parameters initialized with current variable values

iter      chisq       delta/lim  lambda   a_3           b_3           c_3           d_3          
   0 1.5781499431e+16   0.00e+00  1.20e+07    1.000000e+00   1.000000e+00   1.000000e+00   1.000000e+00
  11 6.6984365517e-03  -1.63e-06  1.20e-04   -6.583072e-09   9.776909e-01   3.151723e-07  -6.660863e-03

After 11 iterations the fit converged.
final sum of squares of residuals : 0.00669844
rel. change during last iteration : -1.63055e-11

degrees of freedom    (FIT_NDF)                        : 21
rms of residuals      (FIT_STDFIT) = sqrt(WSSR/ndf)    : 0.0178598
variance of residuals (reduced chisquare) = WSSR/ndf   : 0.000318973

Final set of parameters            Asymptotic Standard Error
=======================            ==========================
a_3             = -6.58307e-09     +/- 1.222e-08    (185.7%)
b_3             = 0.977691         +/- 1.609e+11    (1.645e+13%)
c_3             = 3.15172e-07      +/- 1562         (4.956e+11%)
d_3             = -0.00666086      +/- 0.01309      (196.5%)

correlation matrix of the fit parameters:
                a_3    b_3    c_3    d_3    
a_3             1.000 
b_3             0.286  1.000 
c_3             0.286  1.000  1.000 
d_3             0.843  0.181  0.181  1.000 


*******************************************************************************
Thu Mar 31 16:49:19 2022


FIT:    data read from 'quicksort1.txt'
        format = z
        x range restricted to [0.00000 : 2.00000e+06]
        #datapoints = 25
        residuals are weighted equally (unit weight)

function used for fitting: q(x)
	q(x) = a_2*x*(log(b_2*x)/log(2)) + c_2*x + d_2
fitted parameters initialized with current variable values

iter      chisq       delta/lim  lambda   a_2           b_2           c_2           d_2          
   0 1.6399592628e-01   0.00e+00  7.39e-02    5.932366e-09   9.776869e-01   2.264950e-08  -2.425416e-04
   6 6.6011799257e-06  -4.19e-02  7.39e-08    3.510403e-09   8.055470e-01   5.132405e-09   1.154307e-04

After 6 iterations the fit converged.
final sum of squares of residuals : 6.60118e-06
rel. change during last iteration : -4.18508e-07

degrees of freedom    (FIT_NDF)                        : 21
rms of residuals      (FIT_STDFIT) = sqrt(WSSR/ndf)    : 0.000560662
variance of residuals (reduced chisquare) = WSSR/ndf   : 3.14342e-07

Final set of parameters            Asymptotic Standard Error
=======================            ==========================
a_2             = 3.5104e-09       +/- 4.841e-10    (13.79%)
b_2             = 0.805547         +/- 6.321e+09    (7.847e+11%)
c_2             = 5.13241e-09      +/- 39.72        (7.74e+11%)
d_2             = 0.000115431      +/- 0.0005668    (491%)

correlation matrix of the fit parameters:
                a_2    b_2    c_2    d_2    
a_2             1.000 
b_2             0.314  1.000 
c_2            -0.314 -1.000  1.000 
d_2             0.908  0.226 -0.226  1.000 


*******************************************************************************
Thu Mar 31 16:49:32 2022


FIT:    data read from 'quicksort2.txt'
        format = z
        x range restricted to [0.00000 : 2.00000e+06]
        #datapoints = 25
        residuals are weighted equally (unit weight)

function used for fitting: h(x)
	h(x) = a_3*x*(log(b_3*x)/log(2)) + c_3*x + d_3
fitted parameters initialized with current variable values

iter      chisq       delta/lim  lambda   a_3           b_3           c_3           d_3          
   0 3.8696594844e-01   0.00e+00  2.05e-01   -6.583072e-09   9.776909e-01   3.151723e-07  -6.660863e-03
   5 5.3446891894e-06  -4.11e-01  2.05e-06    2.727524e-09   1.000862e+00   1.611321e-08  -4.931062e-04

After 5 iterations the fit converged.
final sum of squares of residuals : 5.34469e-06
rel. change during last iteration : -4.11137e-06

degrees of freedom    (FIT_NDF)                        : 21
rms of residuals      (FIT_STDFIT) = sqrt(WSSR/ndf)    : 0.000504489
variance of residuals (reduced chisquare) = WSSR/ndf   : 2.54509e-07

Final set of parameters            Asymptotic Standard Error
=======================            ==========================
a_3             = 2.72752e-09      +/- 4.19e-10     (15.36%)
b_3             = 1.00086          +/- 1.075e+10    (1.074e+12%)
c_3             = 1.61132e-08      +/- 42.24        (2.621e+11%)
d_3             = -0.000493106     +/- 0.0005001    (101.4%)

correlation matrix of the fit parameters:
                a_3    b_3    c_3    d_3    
a_3             1.000 
b_3            -0.161  1.000 
c_3             0.161 -1.000  1.000 
d_3             0.906 -0.115  0.115  1.000 


*******************************************************************************
Thu Mar 31 16:53:20 2022


FIT:    data read from 'floyd_M.txt'
        format = z
        x range restricted to [0.00000 : 2.00000e+06]
        #datapoints = 25
        residuals are weighted equally (unit weight)

function used for fitting: f(x)
	f(x) = a_1*x**3 + b_1*x*x + c_1*x + d_1
fitted parameters initialized with current variable values

iter      chisq       delta/lim  lambda   a_1           b_1           c_1           d_1          
   0 8.4453089223e+13   0.00e+00  9.19e+05    4.012141e-09   9.776909e-01   5.730213e-08   7.625603e-04
  14 1.3522421224e-02  -2.15e-04  9.19e-09    4.515454e-09  -8.908003e-08  -1.782003e-05   1.724852e-02

After 14 iterations the fit converged.
final sum of squares of residuals : 0.0135224
rel. change during last iteration : -2.1451e-09

degrees of freedom    (FIT_NDF)                        : 21
rms of residuals      (FIT_STDFIT) = sqrt(WSSR/ndf)    : 0.0253757
variance of residuals (reduced chisquare) = WSSR/ndf   : 0.000643925

Final set of parameters            Asymptotic Standard Error
=======================            ==========================
a_1             = 4.51545e-09      +/- 3.525e-11    (0.7808%)
b_1             = -8.908e-08       +/- 1.122e-07    (126%)
c_1             = -1.782e-05       +/- 0.0001028    (576.9%)
d_1             = 0.0172485        +/- 0.02568      (148.9%)

correlation matrix of the fit parameters:
                a_1    b_1    c_1    d_1    
a_1             1.000 
b_1            -0.988  1.000 
c_1             0.930 -0.974  1.000 
d_1            -0.742  0.815 -0.910  1.000 


*******************************************************************************
Thu Mar 31 16:54:51 2022


FIT:    data read from 'floyd_A.txt'
        format = z
        x range restricted to [0.00000 : 2.00000e+06]
        #datapoints = 25
        residuals are weighted equally (unit weight)

function used for fitting: q(x)
	q(x) = a_2*x**3 + b_2*x*x + c_2*x + d_2
fitted parameters initialized with current variable values

iter      chisq       delta/lim  lambda   a_2           b_2           c_2           d_2          
   0 5.7331429080e+13   0.00e+00  7.57e+05    3.510403e-09   8.055470e-01   5.132405e-09   1.154307e-04
  15 7.5011141559e-03  -7.53e-03  7.57e-10    4.797513e-09  -2.553317e-07   1.056557e-04  -8.138765e-03

After 15 iterations the fit converged.
final sum of squares of residuals : 0.00750111
rel. change during last iteration : -7.53049e-08

degrees of freedom    (FIT_NDF)                        : 21
rms of residuals      (FIT_STDFIT) = sqrt(WSSR/ndf)    : 0.0188996
variance of residuals (reduced chisquare) = WSSR/ndf   : 0.000357196

Final set of parameters            Asymptotic Standard Error
=======================            ==========================
a_2             = 4.79751e-09      +/- 2.626e-11    (0.5473%)
b_2             = -2.55332e-07     +/- 8.358e-08    (32.73%)
c_2             = 0.000105656      +/- 7.657e-05    (72.47%)
d_2             = -0.00813876      +/- 0.01913      (235%)

correlation matrix of the fit parameters:
                a_2    b_2    c_2    d_2    
a_2             1.000 
b_2            -0.988  1.000 
c_2             0.930 -0.974  1.000 
d_2            -0.742  0.815 -0.910  1.000 


*******************************************************************************
Thu Mar 31 16:57:25 2022


FIT:    data read from 'floyd_E.txt'
        format = z
        x range restricted to [0.00000 : 2.00000e+06]
        #datapoints = 25
        residuals are weighted equally (unit weight)

function used for fitting: h(x)
	h(x) = a_3*x**3 + b_3*x*x + c_3*x + d_3
fitted parameters initialized with current variable values

iter      chisq       delta/lim  lambda   a_3           b_3           c_3           d_3          
   0 8.8502514386e+13   0.00e+00  9.41e+05    2.727524e-09   1.000862e+00   1.611321e-08  -4.931062e-04
  15 6.5033668838e-02  -2.05e-05  9.41e-10    6.684879e-09   6.965719e-07  -5.900259e-04   1.066281e-01

After 15 iterations the fit converged.
final sum of squares of residuals : 0.0650337
rel. change during last iteration : -2.05436e-10

degrees of freedom    (FIT_NDF)                        : 21
rms of residuals      (FIT_STDFIT) = sqrt(WSSR/ndf)    : 0.0556493
variance of residuals (reduced chisquare) = WSSR/ndf   : 0.00309684

Final set of parameters            Asymptotic Standard Error
=======================            ==========================
a_3             = 6.68488e-09      +/- 7.731e-11    (1.157%)
b_3             = 6.96572e-07      +/- 2.461e-07    (35.33%)
c_3             = -0.000590026     +/- 0.0002255    (38.21%)
d_3             = 0.106628         +/- 0.05632      (52.82%)

correlation matrix of the fit parameters:
                a_3    b_3    c_3    d_3    
a_3             1.000 
b_3            -0.988  1.000 
c_3             0.930 -0.974  1.000 
d_3            -0.742  0.815 -0.910  1.000 


*******************************************************************************
Thu Mar 31 17:13:24 2022


FIT:    data read from 'floyd_M.txt'
        format = z
        #datapoints = 25
        residuals are weighted equally (unit weight)

function used for fitting: h(x)
	h(x) = a*x**3 + b*x*x + c*x + d
fitted parameters initialized with current variable values

iter      chisq       delta/lim  lambda   a             b             c             d            
   0 2.6141208853e+20   0.00e+00  1.62e+09    1.000000e+00   1.000000e+00   1.000000e+00   1.000000e+00
  13 1.3522421224e-02  -1.76e-04  1.62e-04    4.515454e-09  -8.908002e-08  -1.782003e-05   1.724852e-02

After 13 iterations the fit converged.
final sum of squares of residuals : 0.0135224
rel. change during last iteration : -1.76429e-09

degrees of freedom    (FIT_NDF)                        : 21
rms of residuals      (FIT_STDFIT) = sqrt(WSSR/ndf)    : 0.0253757
variance of residuals (reduced chisquare) = WSSR/ndf   : 0.000643925

Final set of parameters            Asymptotic Standard Error
=======================            ==========================
a               = 4.51545e-09      +/- 3.525e-11    (0.7808%)
b               = -8.908e-08       +/- 1.122e-07    (126%)
c               = -1.782e-05       +/- 0.0001028    (576.9%)
d               = 0.0172485        +/- 0.02568      (148.9%)

correlation matrix of the fit parameters:
                a      b      c      d      
a               1.000 
b              -0.988  1.000 
c               0.930 -0.974  1.000 
d              -0.742  0.815 -0.910  1.000 


*******************************************************************************
Thu Mar 31 17:24:23 2022


FIT:    data read from 'floyd0.txt'
        format = z
        x range restricted to [0.00000 : 2000.00]
        #datapoints = 25
        residuals are weighted equally (unit weight)

function used for fitting: f(x)
	f(x) = a_1*x**3 + b_1*x*x + c_1*x + d_1
fitted parameters initialized with current variable values

iter      chisq       delta/lim  lambda   a_1           b_1           c_1           d_1          
   0 2.6141208842e+20   0.00e+00  1.62e+09    1.000000e+00   1.000000e+00   1.000000e+00   1.000000e+00
  13 7.5011141559e-03  -3.35e-04  1.62e-04    4.797513e-09  -2.553317e-07   1.056557e-04  -8.138765e-03

After 13 iterations the fit converged.
final sum of squares of residuals : 0.00750111
rel. change during last iteration : -3.34771e-09

degrees of freedom    (FIT_NDF)                        : 21
rms of residuals      (FIT_STDFIT) = sqrt(WSSR/ndf)    : 0.0188996
variance of residuals (reduced chisquare) = WSSR/ndf   : 0.000357196

Final set of parameters            Asymptotic Standard Error
=======================            ==========================
a_1             = 4.79751e-09      +/- 2.626e-11    (0.5473%)
b_1             = -2.55332e-07     +/- 8.358e-08    (32.73%)
c_1             = 0.000105656      +/- 7.657e-05    (72.47%)
d_1             = -0.00813877      +/- 0.01913      (235%)

correlation matrix of the fit parameters:
                a_1    b_1    c_1    d_1    
a_1             1.000 
b_1            -0.988  1.000 
c_1             0.930 -0.974  1.000 
d_1            -0.742  0.815 -0.910  1.000 


*******************************************************************************
Thu Mar 31 17:25:05 2022


FIT:    data read from 'floyd1.txt'
        format = z
        x range restricted to [0.00000 : 2000.00]
        #datapoints = 25
        residuals are weighted equally (unit weight)

function used for fitting: q(x)
	q(x) = a_2*x**3 + b_2*x*x + c_2*x + d_2
fitted parameters initialized with current variable values

iter      chisq       delta/lim  lambda   a_2           b_2           c_2           d_2          
   0 2.6141209040e+20   0.00e+00  1.62e+09    1.000000e+00   1.000000e+00   1.000000e+00   1.000000e+00
  13 1.0638437326e-02  -2.21e-04  1.62e-04    9.571146e-10  -7.167401e-08  -7.475107e-05   2.343645e-02

After 13 iterations the fit converged.
final sum of squares of residuals : 0.0106384
rel. change during last iteration : -2.21437e-09

degrees of freedom    (FIT_NDF)                        : 21
rms of residuals      (FIT_STDFIT) = sqrt(WSSR/ndf)    : 0.0225076
variance of residuals (reduced chisquare) = WSSR/ndf   : 0.000506592

Final set of parameters            Asymptotic Standard Error
=======================            ==========================
a_2             = 9.57115e-10      +/- 3.127e-11    (3.267%)
b_2             = -7.1674e-08      +/- 9.953e-08    (138.9%)
c_2             = -7.47511e-05     +/- 9.119e-05    (122%)
d_2             = 0.0234365        +/- 0.02278      (97.19%)

correlation matrix of the fit parameters:
                a_2    b_2    c_2    d_2    
a_2             1.000 
b_2            -0.988  1.000 
c_2             0.930 -0.974  1.000 
d_2            -0.742  0.815 -0.910  1.000 


*******************************************************************************
Thu Mar 31 17:25:31 2022


FIT:    data read from 'floyd2.txt'
        format = z
        x range restricted to [0.00000 : 2000.00]
        #datapoints = 25
        residuals are weighted equally (unit weight)

function used for fitting: h(x)
	h(x) = a_3*x**3 + b_3*x*x + c_3*x + d_3
fitted parameters initialized with current variable values

iter      chisq       delta/lim  lambda   a_3           b_3           c_3           d_3          
   0 2.6141209048e+20   0.00e+00  1.62e+09    1.000000e+00   1.000000e+00   1.000000e+00   1.000000e+00
  13 1.2703985014e-02  -1.85e-04  1.62e-04    8.037832e-10  -6.784381e-08  -7.746876e-05   2.380138e-02

After 13 iterations the fit converged.
final sum of squares of residuals : 0.012704
rel. change during last iteration : -1.85299e-09

degrees of freedom    (FIT_NDF)                        : 21
rms of residuals      (FIT_STDFIT) = sqrt(WSSR/ndf)    : 0.0245958
variance of residuals (reduced chisquare) = WSSR/ndf   : 0.000604952

Final set of parameters            Asymptotic Standard Error
=======================            ==========================
a_3             = 8.03783e-10      +/- 3.417e-11    (4.251%)
b_3             = -6.78438e-08     +/- 1.088e-07    (160.3%)
c_3             = -7.74688e-05     +/- 9.965e-05    (128.6%)
d_3             = 0.0238014        +/- 0.02489      (104.6%)

correlation matrix of the fit parameters:
                a_3    b_3    c_3    d_3    
a_3             1.000 
b_3            -0.988  1.000 
c_3             0.930 -0.974  1.000 
d_3            -0.742  0.815 -0.910  1.000 
